<?xml version="1.0" encoding="UTF-8"?>
<testsuite xmlns:xsi="http://www.w3.org/2001/XMLSchema-instance" xsi:noNamespaceSchemaLocation="https://maven.apache.org/surefire/maven-surefire-plugin/xsd/surefire-test-report-3.0.xsd" version="3.0" name="TestSuite" time="53.995" tests="3" errors="0" skipped="0" failures="0">
  <properties>
[...]
</properties>
  <testcase name="runScenario[&quot;Search experience for product search in both home and offers page&quot;, &quot;Search and add product to cart and checkout&quot;](1)" classname="cucumberOptions.TestNGTestRunner" time="18.904">
    <system-out><![CDATA[java.io.FileInputStream@183e8023
java.io.FileInputStream@7b208b45
Product name extracted Potato
3This is correct Value
java.io.FileInputStream@35d3ab60
]]></system-out>
    <system-err><![CDATA[SLF4J: Failed to load class "org.slf4j.impl.StaticLoggerBinder".
SLF4J: Defaulting to no-operation (NOP) logger implementation
SLF4J: See http://www.slf4j.org/codes.html#StaticLoggerBinder for further details.
Dec 19, 2024 12:13:51 AM org.openqa.selenium.devtools.CdpVersionFinder findNearestMatch
WARNING: Unable to find an exact match for CDP version 132, returning the closest version; found: 131; Please update to a Selenium version that supports CDP version 132
]]></system-err>
  </testcase>
  <testcase name="runScenario[&quot;Search experience for product search in both home and offers page&quot;, &quot;Search and add product to cart and checkout&quot;](2)" classname="cucumberOptions.TestNGTestRunner" time="16.408">
    <system-out><![CDATA[java.io.FileInputStream@17d2ed1b
java.io.FileInputStream@6d4c273c
Product name extracted Beans
8This is correct Value
java.io.FileInputStream@69da0b12
]]></system-out>
    <system-err><![CDATA[Dec 19, 2024 12:14:08 AM org.openqa.selenium.devtools.CdpVersionFinder findNearestMatch
WARNING: Unable to find an exact match for CDP version 132, returning the closest version; found: 131; Please update to a Selenium version that supports CDP version 132
]]></system-err>
  </testcase>
  <testcase name="runScenario[&quot;Search experience for product search in both home and offers page&quot;, &quot;Search and add product to cart and checkout&quot;](3)" classname="cucumberOptions.TestNGTestRunner" time="17.045">
    <system-out><![CDATA[java.io.FileInputStream@79b08632
java.io.FileInputStream@67110f71
Product name extracted Carrot
10This is correct Value
java.io.FileInputStream@1976f537
]]></system-out>
    <system-err><![CDATA[Dec 19, 2024 12:14:25 AM org.openqa.selenium.devtools.CdpVersionFinder findNearestMatch
WARNING: Unable to find an exact match for CDP version 132, returning the closest version; found: 131; Please update to a Selenium version that supports CDP version 132
]]></system-err>
  </testcase>
</testsuite>