<?xml version="1.0" encoding="UTF-8"?>
<testng-results ignored="0" total="1" passed="1" failed="0" skipped="0">
  <reporter-output>
  </reporter-output>
  <suite started-at="2024-12-18T23:20:54 IST" name="Default suite" finished-at="2024-12-18T23:22:23 IST" duration-ms="88302">
    <groups>
      <group name="cucumber">
        <method signature="AbstractTestNGCucumberTests.runScenario(io.cucumber.testng.PickleWrapper,io.cucumber.testng.FeatureWrapper)[pri:0, instance:cucumberOptions.TestNGTestRunner@79207381]" name="runScenario" class="io.cucumber.testng.AbstractTestNGCucumberTests"/>
      </group> <!-- cucumber -->
    </groups>
    <test started-at="2024-12-18T23:20:54 IST" name="Default test" finished-at="2024-12-18T23:22:23 IST" duration-ms="88302">
      <class name="cucumberOptions.TestNGTestRunner">
        <test-method is-config="true" signature="setUpClass(org.testng.ITestContext)[pri:0, instance:cucumberOptions.TestNGTestRunner@79207381]" started-at="2024-12-18T23:20:54 IST" name="setUpClass" finished-at="2024-12-18T23:20:55 IST" duration-ms="946" status="PASS">
          <params>
            <param index="0">
              <value>
                <![CDATA[org.testng.TestRunner@5445f5ba]]>
              </value>
            </param>
          </params>
          <reporter-output>
          </reporter-output>
        </test-method> <!-- setUpClass -->
        <test-method signature="runScenario(io.cucumber.testng.PickleWrapper,io.cucumber.testng.FeatureWrapper)[pri:0, instance:cucumberOptions.TestNGTestRunner@79207381]" started-at="2024-12-18T23:20:55 IST" name="runScenario" description="Runs Cucumber Scenarios" data-provider="scenarios" finished-at="2024-12-18T23:22:23 IST" duration-ms="87179" status="PASS">
          <params>
            <param index="0">
              <value>
                <![CDATA["Search experience for product search in both home and offers page"]]>
              </value>
            </param>
            <param index="1">
              <value>
                <![CDATA["Search and add product to cart and checkout"]]>
              </value>
            </param>
          </params>
          <reporter-output>
          </reporter-output>
        </test-method> <!-- runScenario -->
        <test-method is-config="true" signature="tearDownClass()[pri:0, instance:cucumberOptions.TestNGTestRunner@79207381]" started-at="2024-12-18T23:22:23 IST" name="tearDownClass" finished-at="2024-12-18T23:22:23 IST" duration-ms="12" status="PASS">
          <reporter-output>
          </reporter-output>
        </test-method> <!-- tearDownClass -->
      </class> <!-- cucumberOptions.TestNGTestRunner -->
    </test> <!-- Default test -->
  </suite> <!-- Default suite -->
</testng-results>
